{"/Users/captain-ame/workspace/office/travelio/react-typescript/tests/foo.ts": {"path":"/Users/captain-ame/workspace/office/travelio/react-typescript/tests/foo.ts","statementMap":{"0":{"start":{"line":2,"column":4},"end":{"line":3,"column":38}},"1":{"start":{"line":2,"column":5},"end":{"line":2,"column":18}},"2":{"start":{"line":2,"column":5},"end":{"line":2,"column":19}},"3":{"start":{"line":3,"column":2},"end":{"line":3,"column":38}},"4":{"start":{"line":3,"column":25},"end":{"line":3,"column":34}}},"fnMap":{"0":{"name":"(anonymous_0)","decl":{"start":{"line":2,"column":4},"end":{"line":null,"column":-1}},"loc":{"start":{"line":2,"column":4},"end":{"line":3,"column":38}}},"1":{"name":"(anonymous_1)","decl":{"start":{"line":3,"column":11},"end":{"line":3,"column":11}},"loc":{"start":{"line":3,"column":20},"end":{"line":3,"column":34}}}},"branchMap":{},"s":{"0":1,"1":2,"2":2,"3":2,"4":2},"f":{"0":2,"1":2},"b":{}}
,"/Users/captain-ame/workspace/office/travelio/react-typescript/tests/components/App.tsx": {"path":"/Users/captain-ame/workspace/office/travelio/react-typescript/tests/components/App.tsx","statementMap":{"0":{"start":{"line":10,"column":26},"end":{"line":10,"column":33}},"1":{"start":{"line":11,"column":2},"end":{"line":18,"column":4}}},"fnMap":{"0":{"name":"(anonymous_0)","decl":{"start":{"line":10,"column":14},"end":{"line":10,"column":23}},"loc":{"start":{"line":10,"column":45},"end":{"line":19,"column":1}}}},"branchMap":{},"s":{"0":1,"1":1},"f":{"0":1},"b":{}}
,"/Users/captain-ame/workspace/office/travelio/react-typescript/tests/components/Wow.tsx": {"path":"/Users/captain-ame/workspace/office/travelio/react-typescript/tests/components/Wow.tsx","statementMap":{"0":{"start":{"line":4,"column":2},"end":{"line":6,"column":4}}},"fnMap":{"0":{"name":"(anonymous_0)","decl":{"start":{"line":3,"column":14},"end":{"line":null,"column":-1}},"loc":{"start":{"line":3,"column":14},"end":{"line":7,"column":1}}}},"branchMap":{},"s":{"0":2},"f":{"0":2},"b":{}}
}
